<?xml version="1.0" encoding="UTF-8"?>
<testng-results skipped="0" failed="0" ignored="1" total="2" passed="1">
  <reporter-output>
  </reporter-output>
  <suite name="Default suite" duration-ms="1258" started-at="2022-03-10T18:37:08 IST" finished-at="2022-03-10T18:37:09 IST">
    <groups>
    </groups>
    <test name="Default test" duration-ms="1258" started-at="2022-03-10T18:37:08 IST" finished-at="2022-03-10T18:37:09 IST">
      <class name="exercise.Dynamicjson">
        <test-method status="PASS" signature="updatevabook()[pri:0, instance:exercise.Dynamicjson@1d29cf23]" name="updatevabook" duration-ms="1172" started-at="2022-03-10T18:37:08 IST" finished-at="2022-03-10T18:37:09 IST">
          <reporter-output>
          </reporter-output>
        </test-method> <!-- updatevabook -->
      </class> <!-- exercise.Dynamicjson -->
    </test> <!-- Default test -->
  </suite> <!-- Default suite -->
</testng-results>
